[2025-07-08 18:43:21] Starting daily cron execution
[2025-07-08 18:43:21] Step 1: Loading daily cron script
[2025-07-08 18:43:21] Step 2: Executing quiz score tracking
[2025-07-08 18:43:22] Step 3: Finalizing cron execution
[2025-07-08 18:43:22] Daily cron execution completed successfully in 1.15 seconds
[2025-07-11 18:16:30] Starting daily cron execution
[2025-07-11 18:16:30] Step 1: Loading daily cron script
[2025-07-11 18:16:30] Step 2: Executing quiz score tracking
[2025-07-11 18:16:31] Step 3: Finalizing cron execution
[2025-07-11 18:16:31] Daily cron execution completed successfully in 1.18 seconds
[2025-07-14 17:04:19] Starting daily cron execution
[2025-07-14 17:04:19] Step 1: Loading daily cron script
[2025-07-14 17:04:20] Step 2: Executing quiz score tracking
[2025-07-14 17:04:20] Step 3: Finalizing cron execution
[2025-07-14 17:04:20] Daily cron execution completed successfully in 1.17 seconds
[2025-07-14 21:01:05] Starting daily cron execution
[2025-07-14 21:01:05] Step 1: Loading daily cron script
[2025-07-14 21:01:06] Step 2: Executing quiz score tracking
[2025-07-14 21:01:12] Step 3: Finalizing cron execution
[2025-07-14 21:01:12] Daily cron execution completed successfully in 7.3 seconds
[2025-07-14 21:12:26] Starting daily cron execution
[2025-07-14 21:12:26] Step 1: Loading daily cron script
[2025-07-14 21:12:27] Step 2: Executing quiz score tracking
[2025-07-14 21:12:31] Step 3: Finalizing cron execution
[2025-07-14 21:12:31] Daily cron execution completed successfully in 4.66 seconds
[2025-07-14 22:06:29] Starting daily cron execution
[2025-07-14 22:06:29] Step 1: Loading daily cron script
[2025-07-14 22:06:30] Step 2: Executing quiz score tracking
[2025-07-14 22:06:34] Step 3: Finalizing cron execution
[2025-07-14 22:06:34] Daily cron execution completed successfully in 4.84 seconds
[2025-07-18 16:05:55] Starting daily cron execution
[2025-07-18 16:05:55] Step 1: Loading daily cron script
[2025-07-18 16:18:53] Step 2: Executing quiz score tracking
[2025-07-18 16:18:55] Step 3: Importing courses and updating total quiz points
[2025-07-18 16:26:28] Step 4: Finalizing cron execution
[2025-07-18 16:26:28] Daily cron execution completed successfully in 1233.26 seconds
[2025-07-18 17:23:43] Starting daily cron execution
[2025-07-18 17:23:43] Step 1: Loading daily cron script
[2025-07-18 17:35:33] Step 2: Executing quiz score tracking
[2025-07-18 17:35:34] Step 3: Importing courses and updating total quiz points
[2025-07-18 17:43:09] Step 4: Finalizing cron execution
[2025-07-18 17:43:09] Daily cron execution completed successfully in 1166.03 seconds
[2025-07-18 18:02:15] Starting daily cron execution
[2025-07-18 18:02:15] Step 1: Loading daily cron script
[2025-07-18 18:13:51] Step 2: Executing quiz score tracking
[2025-07-18 18:13:52] Step 3: Importing courses and updating total quiz points
[2025-07-18 18:21:33] Step 4: Finalizing cron execution
[2025-07-18 18:21:33] Daily cron execution completed successfully in 1158 seconds
[2025-07-18 18:21:33] Cron history stored successfully
[2025-07-18 18:36:54] Starting daily cron execution
[2025-07-18 18:36:54] Step 1: Loading daily cron script
[2025-07-18 18:48:48] Step 2: Executing quiz score tracking
[2025-07-18 18:48:50] Step 3: Importing courses and updating total quiz points
[2025-07-18 18:56:29] Step 4: Finalizing cron execution
[2025-07-18 18:56:29] Daily cron execution completed successfully in 1175.09 seconds
[2025-07-18 18:56:29] Cron history stored successfully
[2025-07-22 19:34:45] Starting daily cron execution
[2025-07-22 19:34:45] Step 1: Loading daily cron script
[2025-07-22 19:48:11] Step 2: Executing quiz score tracking
[2025-07-22 19:48:12] Step 3: Importing courses and updating total quiz points
[2025-07-22 19:56:03] Step 4: Finalizing cron execution
[2025-07-22 19:56:03] Daily cron execution completed successfully in 1278.01 seconds
[2025-07-22 19:56:03] Cron history stored successfully
[2025-07-23 16:04:53] Starting daily cron execution
[2025-07-23 16:04:53] Step 1: Loading daily cron script
[2025-07-23 16:14:39] Starting daily cron execution
[2025-07-23 16:14:39] Step 1: Loading daily cron script
[2025-07-23 16:17:58] Step 2: Executing quiz score tracking
[2025-07-23 16:18:00] Step 3: Importing courses and updating total quiz points
[2025-07-23 16:25:36] Step 4: Finalizing cron execution
[2025-07-23 16:25:36] Daily cron execution completed successfully in 1242.94 seconds
[2025-07-23 16:25:36] Cron history stored successfully
[2025-07-23 16:26:11] Step 2: Executing quiz score tracking
[2025-07-23 16:26:13] Step 3: Importing courses and updating total quiz points
[2025-07-23 16:33:54] Step 4: Finalizing cron execution
[2025-07-23 16:33:54] Daily cron execution completed successfully in 1155.06 seconds
[2025-07-23 16:33:54] Cron history stored successfully
[2025-07-23 17:57:02] Starting optimized daily cron execution
[2025-07-23 17:57:02] Step 1: Loading daily cron script with timeout
[2025-07-23 17:57:04] Daily cron completed in 2.21 seconds
[2025-07-23 17:57:04] Step 2: Executing optimized quiz tracking
[2025-07-23 17:57:06] Quiz tracking completed in 1.52 seconds
[2025-07-23 17:57:06] Step 3: Executing optimized course import
[2025-07-23 17:57:06] Found 18 courses needing points update
[2025-07-23 17:57:07] Step 4: Finalizing cron execution
[2025-07-23 17:57:07] Daily cron execution completed successfully in 5.54 seconds
[2025-07-23 17:57:07] Cron history stored successfully
